#
# There is insufficient memory for the Java Runtime Environment to continue.
# Native memory allocation (malloc) failed to allocate 12719632 bytes. Error detail: Chunk::new
# Possible reasons:
#   The system is out of physical RAM or swap space
#   This process is running with CompressedOops enabled, and the Java Heap may be blocking the growth of the native heap
# Possible solutions:
#   Reduce memory load on the system
#   Increase physical memory or swap space
#   Check if swap backing store is full
#   Decrease Java heap size (-Xmx/-Xms)
#   Decrease number of Java threads
#   Decrease Java thread stack sizes (-Xss)
#   Set larger code cache with -XX:ReservedCodeCacheSize=
#   JVM is running with Unscaled Compressed Oops mode in which the Java heap is
#     placed in the first 4GB address space. The Java Heap base address is the
#     maximum limit for the native heap growth. Please use -XX:HeapBaseMinAddress
#     to set the Java Heap base and to place the Java Heap above 4GB virtual address.
# This output file may be truncated or incomplete.
#
#  Out of Memory Error (arena.cpp:162), pid=19256, tid=9408
#
# JRE version: OpenJDK Runtime Environment Zulu24.30+11-CA (24.0.1+9) (build 24.0.1+9)
# Java VM: OpenJDK 64-Bit Server VM Zulu24.30+11-CA (24.0.1+9, mixed mode, sharing, tiered, compressed oops, compressed class ptrs, g1 gc, windows-amd64)
# No core dump will be written. Minidumps are not enabled by default on client versions of Windows
#

---------------  S U M M A R Y ------------

Command Line: -Dfile.encoding=UTF-8 view.TelaCliente

Host: AMD Ryzen 5 5500U with Radeon Graphics         , 12 cores, 5G,  Windows 11 , 64 bit Build 26100 (10.0.26100.7019)
Time: Mon Nov 24 21:58:14 2025 Hora oficial do Brasil elapsed time: 1331.657316 seconds (0d 0h 22m 11s)

---------------  T H R E A D  ---------------

Current thread (0x0000017e58041a00):  JavaThread "C2 CompilerThread0" daemon [_thread_in_native, id=9408, stack(0x0000005e23200000,0x0000005e23300000) (1024K)]


Current CompileTask:
C2:1331657 3273       4       javax.swing.plaf.nimbus.SynthPainterImpl::paintBorder (33 bytes)

Stack: [0x0000005e23200000,0x0000005e23300000]
Native frames: (J=compiled Java code, j=interpreted, Vv=VM code, C=native code)
V  [jvm.dll+0x7410c9]  (no source info available)
V  [jvm.dll+0x97def3]  (no source info available)
V  [jvm.dll+0x98021d]  (no source info available)
V  [jvm.dll+0x980893]  (no source info available)
V  [jvm.dll+0x2b5b16]  (no source info available)
V  [jvm.dll+0xd019f]  (no source info available)
V  [jvm.dll+0xd03ff]  (no source info available)
V  [jvm.dll+0x15b8bf]  (no source info available)
V  [jvm.dll+0x74698f]  (no source info available)
V  [jvm.dll+0x27a528]  (no source info available)
V  [jvm.dll+0x279641]  (no source info available)
V  [jvm.dll+0x1f313a]  (no source info available)
V  [jvm.dll+0x288e35]  (no source info available)
V  [jvm.dll+0x2870ca]  (no source info available)
V  [jvm.dll+0x43df56]  (no source info available)
V  [jvm.dll+0x920928]  (no source info available)
V  [jvm.dll+0x73f855]  (no source info available)
C  [ucrtbase.dll+0x37b0]  (no source info available)
C  [KERNEL32.DLL+0x2e8d7]  (no source info available)
C  [ntdll.dll+0x8c53c]  (no source info available)

Lock stack of current Java thread (top to bottom):


---------------  P R O C E S S  ---------------

Threads class SMR info:
_java_thread_list=0x0000017ea32306d0, length=18, elements={
0x0000017e580342e0, 0x0000017e58034c20, 0x0000017e5803bb10, 0x0000017e5803cbf0,
0x0000017e5803d720, 0x0000017e5803ea60, 0x0000017e58041a00, 0x0000017e5804a590,
0x0000017e580ae680, 0x0000017e58109ec0, 0x0000017e58207f80, 0x0000017e58208f90,
0x0000017e58209ad0, 0x0000017e9e0e7a30, 0x0000017e3923a080, 0x0000017e9e79e9b0,
0x0000017ea2fface0, 0x0000017ea30aae30
}

Java Threads: ( => current thread )
  0x0000017e580342e0 JavaThread "Reference Handler"          daemon [_thread_blocked, id=2100, stack(0x0000005e22c00000,0x0000005e22d00000) (1024K)]
  0x0000017e58034c20 JavaThread "Finalizer"                  daemon [_thread_blocked, id=15696, stack(0x0000005e22d00000,0x0000005e22e00000) (1024K)]
  0x0000017e5803bb10 JavaThread "Signal Dispatcher"          daemon [_thread_blocked, id=16424, stack(0x0000005e22e00000,0x0000005e22f00000) (1024K)]
  0x0000017e5803cbf0 JavaThread "Attach Listener"            daemon [_thread_blocked, id=14612, stack(0x0000005e22f00000,0x0000005e23000000) (1024K)]
  0x0000017e5803d720 JavaThread "Service Thread"             daemon [_thread_blocked, id=15796, stack(0x0000005e23000000,0x0000005e23100000) (1024K)]
  0x0000017e5803ea60 JavaThread "Monitor Deflation Thread"   daemon [_thread_blocked, id=9964, stack(0x0000005e23100000,0x0000005e23200000) (1024K)]
=>0x0000017e58041a00 JavaThread "C2 CompilerThread0"         daemon [_thread_in_native, id=9408, stack(0x0000005e23200000,0x0000005e23300000) (1024K)]
  0x0000017e5804a590 JavaThread "C1 CompilerThread0"         daemon [_thread_blocked, id=17896, stack(0x0000005e23300000,0x0000005e23400000) (1024K)]
  0x0000017e580ae680 JavaThread "Notification Thread"        daemon [_thread_blocked, id=20428, stack(0x0000005e23400000,0x0000005e23500000) (1024K)]
  0x0000017e58109ec0 JavaThread "Common-Cleaner"             daemon [_thread_blocked, id=4776, stack(0x0000005e23500000,0x0000005e23600000) (1024K)]
  0x0000017e58207f80 JavaThread "Java2D Disposer"            daemon [_thread_blocked, id=13692, stack(0x0000005e23600000,0x0000005e23700000) (1024K)]
  0x0000017e58208f90 JavaThread "AWT-Shutdown"                      [_thread_blocked, id=3988, stack(0x0000005e23700000,0x0000005e23800000) (1024K)]
  0x0000017e58209ad0 JavaThread "AWT-Windows"                daemon [_thread_in_native, id=14756, stack(0x0000005e23800000,0x0000005e23900000) (1024K)]
  0x0000017e9e0e7a30 JavaThread "AWT-EventQueue-0"                  [_thread_blocked, id=20524, stack(0x0000005e23900000,0x0000005e23a00000) (1024K)]
  0x0000017e3923a080 JavaThread "DestroyJavaVM"                     [_thread_blocked, id=7828, stack(0x0000005e22400000,0x0000005e22500000) (1024K)]
  0x0000017e9e79e9b0 JavaThread "TimerQueue"                 daemon [_thread_blocked, id=10704, stack(0x0000005e24400000,0x0000005e24500000) (1024K)]
  0x0000017ea2fface0 JavaThread "D3D Screen Updater"         daemon [_thread_blocked, id=5288, stack(0x0000005e24800000,0x0000005e24900000) (1024K)]
  0x0000017ea30aae30 JavaThread "mysql-cj-abandoned-connection-cleanup" daemon [_thread_blocked, id=21448, stack(0x0000005e24900000,0x0000005e24a00000) (1024K)]
Total: 18

Other Threads:
  0x0000017e580233a0 VMThread "VM Thread"                           [id=20996, stack(0x0000005e22b00000,0x0000005e22c00000) (1024K)]
  0x0000017e58017ce0 WatcherThread "VM Periodic Task Thread"        [id=11320, stack(0x0000005e22a00000,0x0000005e22b00000) (1024K)]
  0x0000017e3980f050 WorkerThread "GC Thread#0"                     [id=13476, stack(0x0000005e22500000,0x0000005e22600000) (1024K)]
  0x0000017ea325ec60 WorkerThread "GC Thread#1"                     [id=8752, stack(0x0000005e23a00000,0x0000005e23b00000) (1024K)]
  0x0000017e9e097650 WorkerThread "GC Thread#2"                     [id=7492, stack(0x0000005e23b00000,0x0000005e23c00000) (1024K)]
  0x0000017e9e097a00 WorkerThread "GC Thread#3"                     [id=6380, stack(0x0000005e24500000,0x0000005e24600000) (1024K)]
  0x0000017e9e097db0 WorkerThread "GC Thread#4"                     [id=17424, stack(0x0000005e24700000,0x0000005e24800000) (1024K)]
  0x0000017e9e236c50 WorkerThread "GC Thread#5"                     [id=14868, stack(0x0000005e24b00000,0x0000005e24c00000) (1024K)]
  0x0000017e9e237000 WorkerThread "GC Thread#6"                     [id=8620, stack(0x0000005e24c00000,0x0000005e24d00000) (1024K)]
  0x0000017e9e2364f0 WorkerThread "GC Thread#7"                     [id=5948, stack(0x0000005e24d00000,0x0000005e24e00000) (1024K)]
  0x0000017e9e2373b0 WorkerThread "GC Thread#8"                     [id=17428, stack(0x0000005e24e00000,0x0000005e24f00000) (1024K)]
  0x0000017e9e2359e0 WorkerThread "GC Thread#9"                     [id=15428, stack(0x0000005e24f00000,0x0000005e25000000) (1024K)]
  0x0000017e3981eab0 ConcurrentGCThread "G1 Main Marker"            [id=14352, stack(0x0000005e22600000,0x0000005e22700000) (1024K)]
  0x0000017e398204b0 WorkerThread "G1 Conc#0"                       [id=16396, stack(0x0000005e22700000,0x0000005e22800000) (1024K)]
  0x0000017e3988e9b0 ConcurrentGCThread "G1 Refine#0"               [id=20240, stack(0x0000005e22800000,0x0000005e22900000) (1024K)]
  0x0000017e57ed65d0 ConcurrentGCThread "G1 Service"                [id=8368, stack(0x0000005e22900000,0x0000005e22a00000) (1024K)]
Total: 16

Threads with active compile tasks:
C2 CompilerThread0  1331749 3273       4       javax.swing.plaf.nimbus.SynthPainterImpl::paintBorder (33 bytes)
Total: 1

VM state: not at safepoint (normal execution)

VM Mutex/Monitor currently owned by a thread: None

Heap address: 0x00000000a2600000, size: 1498 MB, Compressed Oops mode: 32-bit

CDS archive(s) mapped at: [0x0000017e59000000-0x0000017e59d40000-0x0000017e59d40000), size 13893632, SharedBaseAddress: 0x0000017e59000000, ArchiveRelocationMode: 1.
Compressed class space mapped at: 0x0000017e5a000000-0x0000017e9a000000, reserved size: 1073741824
UseCompressedClassPointers 1, UseCompactObjectHeaders 0
Narrow klass pointer bits 32, Max shift 3
Narrow klass base: 0x0000017e59000000, Narrow klass shift: 0
Encoding Range: [0x0000017e59000000 - 0x0000017f59000000), (4294967296 bytes)
Klass Range:    [0x0000017e59000000 - 0x0000017e9a000000), (1090519040 bytes)
Klass ID Range:  [8 - 1090519033) (1090519025)

GC Precious Log:
 CardTable entry size: 512
 Card Set container configuration: InlinePtr #cards 5 size 8 Array Of Cards #cards 10 size 36 Howl #buckets 4 coarsen threshold 1843 Howl Bitmap #cards 512 size 80 coarsen threshold 460 Card regions per heap region 1 cards per card region 2048
 CPUs: 12 total, 12 available
 Memory: 5989M
 Large Page Support: Disabled
 NUMA Support: Disabled
 Compressed Oops: Enabled (32-bit)
 Heap Region Size: 1M
 Heap Min Capacity: 8M
 Heap Initial Capacity: 94M
 Heap Max Capacity: 1498M
 Pre-touch: Disabled
 Parallel Workers: 10
 Concurrent Workers: 3
 Concurrent Refinement Workers: 10
 Periodic GC: Disabled

Heap:
 garbage-first heap   total reserved 1533952K, committed 98304K, used 45755K [0x00000000a2600000, 0x0000000100000000)
  region size 1024K, 45 young (46080K), 6 survivors (6144K)
 Metaspace       used 17835K, committed 18048K, reserved 1114112K
  class space    used 1681K, committed 1792K, reserved 1048576K

Heap Regions: E=young(eden), S=young(survivor), O=old, HS=humongous(starts), HC=humongous(continues), CS=collection set, F=free, TAMS=top-at-mark-start, PB=parsable bottom
|   0|0x00000000a2600000, 0x00000000a2600000, 0x00000000a2700000|  0%| F|  |TAMS 0x00000000a2600000| PB 0x00000000a2600000| Untracked |  0
|   1|0x00000000a2700000, 0x00000000a2700000, 0x00000000a2800000|  0%| F|  |TAMS 0x00000000a2700000| PB 0x00000000a2700000| Untracked |  0
|   2|0x00000000a2800000, 0x00000000a2800000, 0x00000000a2900000|  0%| F|  |TAMS 0x00000000a2800000| PB 0x00000000a2800000| Untracked |  0
|   3|0x00000000a2900000, 0x00000000a2900000, 0x00000000a2a00000|  0%| F|  |TAMS 0x00000000a2900000| PB 0x00000000a2900000| Untracked |  0
|   4|0x00000000a2a00000, 0x00000000a2a00000, 0x00000000a2b00000|  0%| F|  |TAMS 0x00000000a2a00000| PB 0x00000000a2a00000| Untracked |  0
|   5|0x00000000a2b00000, 0x00000000a2b00000, 0x00000000a2c00000|  0%| F|  |TAMS 0x00000000a2b00000| PB 0x00000000a2b00000| Untracked |  0
|   6|0x00000000a2c00000, 0x00000000a2c00000, 0x00000000a2d00000|  0%| F|  |TAMS 0x00000000a2c00000| PB 0x00000000a2c00000| Untracked |  0
|   7|0x00000000a2d00000, 0x00000000a2d00000, 0x00000000a2e00000|  0%| F|  |TAMS 0x00000000a2d00000| PB 0x00000000a2d00000| Untracked |  0
|   8|0x00000000a2e00000, 0x00000000a2e00000, 0x00000000a2f00000|  0%| F|  |TAMS 0x00000000a2e00000| PB 0x00000000a2e00000| Untracked |  0
|   9|0x00000000a2f00000, 0x00000000a2f00000, 0x00000000a3000000|  0%| F|  |TAMS 0x00000000a2f00000| PB 0x00000000a2f00000| Untracked |  0
|  10|0x00000000a3000000, 0x00000000a3000000, 0x00000000a3100000|  0%| F|  |TAMS 0x00000000a3000000| PB 0x00000000a3000000| Untracked |  0
|  11|0x00000000a3100000, 0x00000000a3100000, 0x00000000a3200000|  0%| F|  |TAMS 0x00000000a3100000| PB 0x00000000a3100000| Untracked |  0
|  12|0x00000000a3200000, 0x00000000a3200000, 0x00000000a3300000|  0%| F|  |TAMS 0x00000000a3200000| PB 0x00000000a3200000| Untracked |  0
|  13|0x00000000a3300000, 0x00000000a3300000, 0x00000000a3400000|  0%| F|  |TAMS 0x00000000a3300000| PB 0x00000000a3300000| Untracked |  0
|  14|0x00000000a3400000, 0x00000000a3400000, 0x00000000a3500000|  0%| F|  |TAMS 0x00000000a3400000| PB 0x00000000a3400000| Untracked |  0
|  15|0x00000000a3500000, 0x00000000a3500000, 0x00000000a3600000|  0%| F|  |TAMS 0x00000000a3500000| PB 0x00000000a3500000| Untracked |  0
|  16|0x00000000a3600000, 0x00000000a3600000, 0x00000000a3700000|  0%| F|  |TAMS 0x00000000a3600000| PB 0x00000000a3600000| Untracked |  0
|  17|0x00000000a3700000, 0x00000000a3700000, 0x00000000a3800000|  0%| F|  |TAMS 0x00000000a3700000| PB 0x00000000a3700000| Untracked |  0
|  18|0x00000000a3800000, 0x00000000a3800000, 0x00000000a3900000|  0%| F|  |TAMS 0x00000000a3800000| PB 0x00000000a3800000| Untracked |  0
|  19|0x00000000a3900000, 0x00000000a3900000, 0x00000000a3a00000|  0%| F|  |TAMS 0x00000000a3900000| PB 0x00000000a3900000| Untracked |  0
|  20|0x00000000a3a00000, 0x00000000a3a00000, 0x00000000a3b00000|  0%| F|  |TAMS 0x00000000a3a00000| PB 0x00000000a3a00000| Untracked |  0
|  21|0x00000000a3b00000, 0x00000000a3b00000, 0x00000000a3c00000|  0%| F|  |TAMS 0x00000000a3b00000| PB 0x00000000a3b00000| Untracked |  0
|  22|0x00000000a3c00000, 0x00000000a3c00000, 0x00000000a3d00000|  0%| F|  |TAMS 0x00000000a3c00000| PB 0x00000000a3c00000| Untracked |  0
|  23|0x00000000a3d00000, 0x00000000a3d00000, 0x00000000a3e00000|  0%| F|  |TAMS 0x00000000a3d00000| PB 0x00000000a3d00000| Untracked |  0
|  24|0x00000000a3e00000, 0x00000000a3e00000, 0x00000000a3f00000|  0%| F|  |TAMS 0x00000000a3e00000| PB 0x00000000a3e00000| Untracked |  0
|  25|0x00000000a3f00000, 0x00000000a3f00000, 0x00000000a4000000|  0%| F|  |TAMS 0x00000000a3f00000| PB 0x00000000a3f00000| Untracked |  0
|  26|0x00000000a4000000, 0x00000000a4000000, 0x00000000a4100000|  0%| F|  |TAMS 0x00000000a4000000| PB 0x00000000a4000000| Untracked |  0
|  27|0x00000000a4100000, 0x00000000a4100000, 0x00000000a4200000|  0%| F|  |TAMS 0x00000000a4100000| PB 0x00000000a4100000| Untracked |  0
|  28|0x00000000a4200000, 0x00000000a4200000, 0x00000000a4300000|  0%| F|  |TAMS 0x00000000a4200000| PB 0x00000000a4200000| Untracked |  0
|  29|0x00000000a4300000, 0x00000000a4300000, 0x00000000a4400000|  0%| F|  |TAMS 0x00000000a4300000| PB 0x00000000a4300000| Untracked |  0
|  30|0x00000000a4400000, 0x00000000a4400000, 0x00000000a4500000|  0%| F|  |TAMS 0x00000000a4400000| PB 0x00000000a4400000| Untracked |  0
|  31|0x00000000a4500000, 0x00000000a4500000, 0x00000000a4600000|  0%| F|  |TAMS 0x00000000a4500000| PB 0x00000000a4500000| Untracked |  0
|  32|0x00000000a4600000, 0x00000000a4600000, 0x00000000a4700000|  0%| F|  |TAMS 0x00000000a4600000| PB 0x00000000a4600000| Untracked |  0
|  33|0x00000000a4700000, 0x00000000a4700000, 0x00000000a4800000|  0%| F|  |TAMS 0x00000000a4700000| PB 0x00000000a4700000| Untracked |  0
|  34|0x00000000a4800000, 0x00000000a4800000, 0x00000000a4900000|  0%| F|  |TAMS 0x00000000a4800000| PB 0x00000000a4800000| Untracked |  0
|  35|0x00000000a4900000, 0x00000000a4900000, 0x00000000a4a00000|  0%| F|  |TAMS 0x00000000a4900000| PB 0x00000000a4900000| Untracked |  0
|  36|0x00000000a4a00000, 0x00000000a4a00000, 0x00000000a4b00000|  0%| F|  |TAMS 0x00000000a4a00000| PB 0x00000000a4a00000| Untracked |  0
|  37|0x00000000a4b00000, 0x00000000a4b00000, 0x00000000a4c00000|  0%| F|  |TAMS 0x00000000a4b00000| PB 0x00000000a4b00000| Untracked |  0
|  38|0x00000000a4c00000, 0x00000000a4c00000, 0x00000000a4d00000|  0%| F|  |TAMS 0x00000000a4c00000| PB 0x00000000a4c00000| Untracked |  0
|  39|0x00000000a4d00000, 0x00000000a4d00000, 0x00000000a4e00000|  0%| F|  |TAMS 0x00000000a4d00000| PB 0x00000000a4d00000| Untracked |  0
|  40|0x00000000a4e00000, 0x00000000a4e00000, 0x00000000a4f00000|  0%| F|  |TAMS 0x00000000a4e00000| PB 0x00000000a4e00000| Untracked |  0
|  41|0x00000000a4f00000, 0x00000000a4f92a70, 0x00000000a5000000| 57%| S|CS|TAMS 0x00000000a4f00000| PB 0x00000000a4f00000| Complete |  0
|  42|0x00000000a5000000, 0x00000000a5100000, 0x00000000a5100000|100%| S|CS|TAMS 0x00000000a5000000| PB 0x00000000a5000000| Complete |  0
|  43|0x00000000a5100000, 0x00000000a5200000, 0x00000000a5200000|100%| S|CS|TAMS 0x00000000a5100000| PB 0x00000000a5100000| Complete |  0
|  44|0x00000000a5200000, 0x00000000a5300000, 0x00000000a5300000|100%| S|CS|TAMS 0x00000000a5200000| PB 0x00000000a5200000| Complete |  0
|  45|0x00000000a5300000, 0x00000000a5400000, 0x00000000a5400000|100%| S|CS|TAMS 0x00000000a5300000| PB 0x00000000a5300000| Complete |  0
|  46|0x00000000a5400000, 0x00000000a5500000, 0x00000000a5500000|100%| S|CS|TAMS 0x00000000a5400000| PB 0x00000000a5400000| Complete |  0
|  47|0x00000000a5500000, 0x00000000a5500000, 0x00000000a5600000|  0%| F|  |TAMS 0x00000000a5500000| PB 0x00000000a5500000| Untracked |  0
|  48|0x00000000a5600000, 0x00000000a5600000, 0x00000000a5700000|  0%| F|  |TAMS 0x00000000a5600000| PB 0x00000000a5600000| Untracked |  0
|  49|0x00000000a5700000, 0x00000000a5700000, 0x00000000a5800000|  0%| F|  |TAMS 0x00000000a5700000| PB 0x00000000a5700000| Untracked |  0
|  50|0x00000000a5800000, 0x00000000a5800000, 0x00000000a5900000|  0%| F|  |TAMS 0x00000000a5800000| PB 0x00000000a5800000| Untracked |  0
|  51|0x00000000a5900000, 0x00000000a5900000, 0x00000000a5a00000|  0%| F|  |TAMS 0x00000000a5900000| PB 0x00000000a5900000| Untracked |  0
|  52|0x00000000a5a00000, 0x00000000a5a00000, 0x00000000a5b00000|  0%| F|  |TAMS 0x00000000a5a00000| PB 0x00000000a5a00000| Untracked |  0
|  53|0x00000000a5b00000, 0x00000000a5b00000, 0x00000000a5c00000|  0%| F|  |TAMS 0x00000000a5b00000| PB 0x00000000a5b00000| Untracked |  0
|  54|0x00000000a5c00000, 0x00000000a5c00000, 0x00000000a5d00000|  0%| F|  |TAMS 0x00000000a5c00000| PB 0x00000000a5c00000| Untracked |  0
|  55|0x00000000a5d00000, 0x00000000a5d80000, 0x00000000a5e00000| 50%| E|  |TAMS 0x00000000a5d00000| PB 0x00000000a5d00000| Complete |  0
|  56|0x00000000a5e00000, 0x00000000a5f00000, 0x00000000a5f00000|100%| E|CS|TAMS 0x00000000a5e00000| PB 0x00000000a5e00000| Complete |  0
|  57|0x00000000a5f00000, 0x00000000a6000000, 0x00000000a6000000|100%| E|CS|TAMS 0x00000000a5f00000| PB 0x00000000a5f00000| Complete |  0
|  58|0x00000000a6000000, 0x00000000a6100000, 0x00000000a6100000|100%| E|CS|TAMS 0x00000000a6000000| PB 0x00000000a6000000| Complete |  0
|  59|0x00000000a6100000, 0x00000000a6200000, 0x00000000a6200000|100%| E|CS|TAMS 0x00000000a6100000| PB 0x00000000a6100000| Complete |  0
|  60|0x00000000a6200000, 0x00000000a6300000, 0x00000000a6300000|100%| E|CS|TAMS 0x00000000a6200000| PB 0x00000000a6200000| Complete |  0
|  61|0x00000000a6300000, 0x00000000a6400000, 0x00000000a6400000|100%| E|CS|TAMS 0x00000000a6300000| PB 0x00000000a6300000| Complete |  0
|  62|0x00000000a6400000, 0x00000000a6500000, 0x00000000a6500000|100%| E|CS|TAMS 0x00000000a6400000| PB 0x00000000a6400000| Complete |  0
|  63|0x00000000a6500000, 0x00000000a6600000, 0x00000000a6600000|100%| E|CS|TAMS 0x00000000a6500000| PB 0x00000000a6500000| Complete |  0
|  64|0x00000000a6600000, 0x00000000a6700000, 0x00000000a6700000|100%| E|CS|TAMS 0x00000000a6600000| PB 0x00000000a6600000| Complete |  0
|  65|0x00000000a6700000, 0x00000000a6800000, 0x00000000a6800000|100%| E|CS|TAMS 0x00000000a6700000| PB 0x00000000a6700000| Complete |  0
|  66|0x00000000a6800000, 0x00000000a6900000, 0x00000000a6900000|100%| E|CS|TAMS 0x00000000a6800000| PB 0x00000000a6800000| Complete |  0
|  67|0x00000000a6900000, 0x00000000a6a00000, 0x00000000a6a00000|100%| E|CS|TAMS 0x00000000a6900000| PB 0x00000000a6900000| Complete |  0
|  68|0x00000000a6a00000, 0x00000000a6b00000, 0x00000000a6b00000|100%| E|CS|TAMS 0x00000000a6a00000| PB 0x00000000a6a00000| Complete |  0
|  69|0x00000000a6b00000, 0x00000000a6c00000, 0x00000000a6c00000|100%| E|CS|TAMS 0x00000000a6b00000| PB 0x00000000a6b00000| Complete |  0
|  70|0x00000000a6c00000, 0x00000000a6d00000, 0x00000000a6d00000|100%| E|CS|TAMS 0x00000000a6c00000| PB 0x00000000a6c00000| Complete |  0
|  71|0x00000000a6d00000, 0x00000000a6e00000, 0x00000000a6e00000|100%| E|CS|TAMS 0x00000000a6d00000| PB 0x00000000a6d00000| Complete |  0
|  72|0x00000000a6e00000, 0x00000000a6f00000, 0x00000000a6f00000|100%| E|CS|TAMS 0x00000000a6e00000| PB 0x00000000a6e00000| Complete |  0
|  73|0x00000000a6f00000, 0x00000000a7000000, 0x00000000a7000000|100%| E|CS|TAMS 0x00000000a6f00000| PB 0x00000000a6f00000| Complete |  0
|  74|0x00000000a7000000, 0x00000000a7100000, 0x00000000a7100000|100%| E|CS|TAMS 0x00000000a7000000| PB 0x00000000a7000000| Complete |  0
|  75|0x00000000a7100000, 0x00000000a7200000, 0x00000000a7200000|100%| E|CS|TAMS 0x00000000a7100000| PB 0x00000000a7100000| Complete |  0
|  76|0x00000000a7200000, 0x00000000a7300000, 0x00000000a7300000|100%| E|CS|TAMS 0x00000000a7200000| PB 0x00000000a7200000| Complete |  0
|  77|0x00000000a7300000, 0x00000000a7400000, 0x00000000a7400000|100%| E|CS|TAMS 0x00000000a7300000| PB 0x00000000a7300000| Complete |  0
|  78|0x00000000a7400000, 0x00000000a7500000, 0x00000000a7500000|100%| E|CS|TAMS 0x00000000a7400000| PB 0x00000000a7400000| Complete |  0
|  79|0x00000000a7500000, 0x00000000a7600000, 0x00000000a7600000|100%| E|CS|TAMS 0x00000000a7500000| PB 0x00000000a7500000| Complete |  0
|  80|0x00000000a7600000, 0x00000000a7700000, 0x00000000a7700000|100%| E|CS|TAMS 0x00000000a7600000| PB 0x00000000a7600000| Complete |  0
|  81|0x00000000a7700000, 0x00000000a7800000, 0x00000000a7800000|100%| E|CS|TAMS 0x00000000a7700000| PB 0x00000000a7700000| Complete |  0
|  82|0x00000000a7800000, 0x00000000a7900000, 0x00000000a7900000|100%| E|CS|TAMS 0x00000000a7800000| PB 0x00000000a7800000| Complete |  0
|  83|0x00000000a7900000, 0x00000000a7a00000, 0x00000000a7a00000|100%| E|CS|TAMS 0x00000000a7900000| PB 0x00000000a7900000| Complete |  0
|  84|0x00000000a7a00000, 0x00000000a7b00000, 0x00000000a7b00000|100%| E|CS|TAMS 0x00000000a7a00000| PB 0x00000000a7a00000| Complete |  0
|  85|0x00000000a7b00000, 0x00000000a7c00000, 0x00000000a7c00000|100%| E|CS|TAMS 0x00000000a7b00000| PB 0x00000000a7b00000| Complete |  0
|  86|0x00000000a7c00000, 0x00000000a7d00000, 0x00000000a7d00000|100%| E|CS|TAMS 0x00000000a7c00000| PB 0x00000000a7c00000| Complete |  0
|  87|0x00000000a7d00000, 0x00000000a7e00000, 0x00000000a7e00000|100%| E|CS|TAMS 0x00000000a7d00000| PB 0x00000000a7d00000| Complete |  0
|  88|0x00000000a7e00000, 0x00000000a7f00000, 0x00000000a7f00000|100%| E|CS|TAMS 0x00000000a7e00000| PB 0x00000000a7e00000| Complete |  0
|  89|0x00000000a7f00000, 0x00000000a8000000, 0x00000000a8000000|100%| E|CS|TAMS 0x00000000a7f00000| PB 0x00000000a7f00000| Complete |  0
|  90|0x00000000a8000000, 0x00000000a8100000, 0x00000000a8100000|100%| E|CS|TAMS 0x00000000a8000000| PB 0x00000000a8000000| Complete |  0
|  91|0x00000000a8100000, 0x00000000a8200000, 0x00000000a8200000|100%| E|CS|TAMS 0x00000000a8100000| PB 0x00000000a8100000| Complete |  0
|  92|0x00000000a8200000, 0x00000000a8300000, 0x00000000a8300000|100%| E|CS|TAMS 0x00000000a8200000| PB 0x00000000a8200000| Complete |  0
|  93|0x00000000a8300000, 0x00000000a8400000, 0x00000000a8400000|100%| E|CS|TAMS 0x00000000a8300000| PB 0x00000000a8300000| Complete |  0
|1496|0x00000000ffe00000, 0x00000000fff00000, 0x00000000fff00000|100%| O|  |TAMS 0x00000000ffe00000| PB 0x00000000ffe00000| Untracked |  0
|1497|0x00000000fff00000, 0x00000000fff1c2f8, 0x0000000100000000| 11%| O|  |TAMS 0x00000000fff00000| PB 0x00000000fff00000| Untracked |  0

Card table byte_map: [0x0000017e53940000,0x0000017e53c30000] _byte_map_base: 0x0000017e5342d000

Marking Bits: (CMBitMap*) 0x0000017e3980f760
 Bits: [0x0000017e53c30000, 0x0000017e55398000)

Polling page: 0x0000017e39510000

Metaspace:

Usage:
  Non-class:     15.77 MB used.
      Class:      1.64 MB used.
       Both:     17.42 MB used.

Virtual space:
  Non-class space:       64.00 MB reserved,      15.88 MB ( 25%) committed,  1 nodes.
      Class space:        1.00 GB reserved,       1.75 MB ( <1%) committed,  1 nodes.
             Both:        1.06 GB reserved,      17.62 MB (  2%) committed. 

Chunk freelists:
   Non-Class:  142.00 KB
       Class:  14.30 MB
        Both:  14.43 MB

MaxMetaspaceSize: unlimited
CompressedClassSpaceSize: 1.00 GB
Initial GC threshold: 21.00 MB
Current GC threshold: 21.00 MB
CDS: on
 - commit_granule_bytes: 65536.
 - commit_granule_words: 8192.
 - virtual_space_node_default_size: 8388608.
 - enlarge_chunks_in_place: 1.
UseCompressedClassPointers 1, UseCompactObjectHeaders 0
Narrow klass pointer bits 32, Max shift 3
Narrow klass base: 0x0000017e59000000, Narrow klass shift: 0
Encoding Range: [0x0000017e59000000 - 0x0000017f59000000), (4294967296 bytes)
Klass Range:    [0x0000017e59000000 - 0x0000017e9a000000), (1090519040 bytes)
Klass ID Range:  [8 - 1090519033) (1090519025)


Internal statistics:

num_allocs_failed_limit: 0.
num_arena_births: 180.
num_arena_deaths: 0.
num_vsnodes_births: 2.
num_vsnodes_deaths: 0.
num_space_committed: 282.
num_space_uncommitted: 0.
num_chunks_returned_to_freelist: 0.
num_chunks_taken_from_freelist: 364.
num_chunk_merges: 0.
num_chunk_splits: 241.
num_chunks_enlarged: 165.
num_inconsistent_stats: 0.

CodeHeap 'non-profiled nmethods': size=120064Kb used=1641Kb max_used=1641Kb free=118422Kb
 bounds [0x0000017e4b490000, 0x0000017e4b700000, 0x0000017e529d0000]
CodeHeap 'profiled nmethods': size=120000Kb used=5211Kb max_used=5211Kb free=114788Kb
 bounds [0x0000017e439d0000, 0x0000017e43ef0000, 0x0000017e4af00000]
CodeHeap 'non-nmethods': size=5696Kb used=1639Kb max_used=1815Kb free=4057Kb
 bounds [0x0000017e4af00000, 0x0000017e4b170000, 0x0000017e4b490000]
CodeCache: size=245760Kb, used=8491Kb, max_used=8667Kb, free=237267Kb
 total_blobs=4083, nmethods=3272, adapters=715, full_count=0
Compilation: enabled, stopped_count=0, restarted_count=0

Compilation events (20 events):
Event: 1313.568 Thread 0x0000017e58041a00 nmethod 3263 0x0000017e4b610f08 code [0x0000017e4b611020, 0x0000017e4b611410]
Event: 1314.067 Thread 0x0000017e58041a00 3264       4       javax.swing.JComponent::paintBorder (28 bytes)
Event: 1314.420 Thread 0x0000017e58041a00 nmethod 3264 0x0000017e4b611488 code [0x0000017e4b612300, 0x0000017e4b621d80]
Event: 1315.066 Thread 0x0000017e58041a00 3265       4       java.util.IdentityHashMap$IdentityHashMapIterator::<init> (63 bytes)
Event: 1315.067 Thread 0x0000017e58041a00 nmethod 3265 0x0000017e4b622888 code [0x0000017e4b6229a0, 0x0000017e4b622c90]
Event: 1315.568 Thread 0x0000017e58041a00 3266       4       java.awt.geom.AffineTransform::preConcatenate (1011 bytes)
Event: 1315.569 Thread 0x0000017e58041a00 nmethod 3266 0x0000017e4b622d08 code [0x0000017e4b622e20, 0x0000017e4b622f78]
Event: 1322.077 Thread 0x0000017e58041a00 3267       4       java.util.LinkedHashMap::newNode (23 bytes)
Event: 1322.078 Thread 0x0000017e58041a00 nmethod 3267 0x0000017e4b623008 code [0x0000017e4b623120, 0x0000017e4b6235d8]
Event: 1324.578 Thread 0x0000017e58041a00 3268       4       java.awt.geom.RectangularShape::<init> (5 bytes)
Event: 1324.578 Thread 0x0000017e58041a00 nmethod 3268 0x0000017e4b623688 code [0x0000017e4b623780, 0x0000017e4b6237f8]
Event: 1327.581 Thread 0x0000017e58041a00 3269   !   4       javax.swing.plaf.nimbus.ImageCache::setImage (397 bytes)
Event: 1327.602 Thread 0x0000017e58041a00 nmethod 3269 0x0000017e4b623988 code [0x0000017e4b623c60, 0x0000017e4b626a90]
Event: 1329.082 Thread 0x0000017e58041a00 3270  s    4       sun.java2d.Disposer::add (61 bytes)
Event: 1329.088 Thread 0x0000017e58041a00 nmethod 3270 0x0000017e4b626d08 code [0x0000017e4b626ee0, 0x0000017e4b627e70]
Event: 1329.088 Thread 0x0000017e58041a00 3271       4       javax.swing.plaf.nimbus.ImageScalingHelper::paint (831 bytes)
Event: 1329.111 Thread 0x0000017e58041a00 nmethod 3271 0x0000017e4b627f88 code [0x0000017e4b6281e0, 0x0000017e4b62a220]
Event: 1329.584 Thread 0x0000017e58041a00 3272       4       sun.java2d.StateTrackableDelegate::createInstance (80 bytes)
Event: 1329.585 Thread 0x0000017e58041a00 nmethod 3272 0x0000017e4b62a308 code [0x0000017e4b62a420, 0x0000017e4b62a558]
Event: 1330.083 Thread 0x0000017e58041a00 3273       4       javax.swing.plaf.nimbus.SynthPainterImpl::paintBorder (33 bytes)

GC Heap History (2 events):
Event: 409.523 GC heap before
{Heap before GC invocations=0 (full 0):
 garbage-first heap   total reserved 1533952K, committed 98304K, used 49264K [0x00000000a2600000, 0x0000000100000000)
  region size 1024K, 47 young (48128K), 0 survivors (0K)
 Metaspace       used 17742K, committed 17984K, reserved 1114112K
  class space    used 1672K, committed 1792K, reserved 1048576K
}
Event: 409.538 GC heap after
{Heap after GC invocations=1 (full 0):
 garbage-first heap   total reserved 1533952K, committed 98304K, used 6843K [0x00000000a2600000, 0x0000000100000000)
  region size 1024K, 6 young (6144K), 6 survivors (6144K)
 Metaspace       used 17742K, committed 17984K, reserved 1114112K
  class space    used 1672K, committed 1792K, reserved 1048576K
}

Dll operation events (10 events):
Event: 0.008 Loaded shared library C:\Program Files\Apache NetBeans\jdk\bin\java.dll
Event: 0.032 Loaded shared library C:\Program Files\Apache NetBeans\jdk\bin\jsvml.dll
Event: 0.039 Loaded shared library C:\Program Files\Apache NetBeans\jdk\bin\net.dll
Event: 0.041 Loaded shared library C:\Program Files\Apache NetBeans\jdk\bin\nio.dll
Event: 0.046 Loaded shared library C:\Program Files\Apache NetBeans\jdk\bin\zip.dll
Event: 0.070 Loaded shared library C:\Program Files\Apache NetBeans\jdk\bin\jimage.dll
Event: 0.080 Loaded shared library C:\Program Files\Apache NetBeans\jdk\bin\awt.dll
Event: 0.186 Loaded shared library C:\Program Files\Apache NetBeans\jdk\bin\freetype.dll
Event: 0.187 Loaded shared library C:\Program Files\Apache NetBeans\jdk\bin\fontmanager.dll
Event: 0.868 Loaded shared library C:\Program Files\Apache NetBeans\jdk\bin\extnet.dll

Deoptimization events (20 events):
Event: 409.557 Thread 0x0000017ea30aae30 Uncommon trap: trap_request=0xffffff4d fr.pc=0x0000017e4b4cedd8 relative=0x0000000000000058
Event: 409.557 Thread 0x0000017ea30aae30 Uncommon trap: reason=unstable_if action=reinterpret pc=0x0000017e4b4cedd8 method=java.lang.ref.ReferenceQueue.poll()Ljava/lang/ref/Reference; @ 4 c2
Event: 409.557 Thread 0x0000017ea30aae30 DEOPT PACKING pc=0x0000017e4b4cedd8 sp=0x0000005e249fd500
Event: 409.557 Thread 0x0000017ea30aae30 DEOPT UNPACKING pc=0x0000017e4b016482 sp=0x0000005e249fd478 mode 2
Event: 410.023 Thread 0x0000017e9e0e7a30 Uncommon trap: trap_request=0xffffff4d fr.pc=0x0000017e4b5a2dc4 relative=0x0000000000000464
Event: 410.023 Thread 0x0000017e9e0e7a30 Uncommon trap: reason=unstable_if action=reinterpret pc=0x0000017e4b5a2dc4 method=java.lang.ref.ReferenceQueue.poll()Ljava/lang/ref/Reference; @ 4 c2
Event: 410.023 Thread 0x0000017e9e0e7a30 DEOPT PACKING pc=0x0000017e4b5a2dc4 sp=0x0000005e239fdc80
Event: 410.023 Thread 0x0000017e9e0e7a30 DEOPT UNPACKING pc=0x0000017e4b016482 sp=0x0000005e239fda80 mode 2
Event: 410.024 Thread 0x0000017e9e0e7a30 Uncommon trap: trap_request=0xffffff4d fr.pc=0x0000017e4b568b44 relative=0x0000000000001964
Event: 410.024 Thread 0x0000017e9e0e7a30 Uncommon trap: reason=unstable_if action=reinterpret pc=0x0000017e4b568b44 method=java.lang.ref.ReferenceQueue.poll()Ljava/lang/ref/Reference; @ 4 c2
Event: 410.024 Thread 0x0000017e9e0e7a30 DEOPT PACKING pc=0x0000017e4b568b44 sp=0x0000005e239fde50
Event: 410.024 Thread 0x0000017e9e0e7a30 DEOPT UNPACKING pc=0x0000017e4b016482 sp=0x0000005e239fd9e8 mode 2
Event: 410.024 Thread 0x0000017e9e0e7a30 Uncommon trap: trap_request=0xffffff4d fr.pc=0x0000017e4b583d34 relative=0x00000000000009b4
Event: 410.024 Thread 0x0000017e9e0e7a30 Uncommon trap: reason=unstable_if action=reinterpret pc=0x0000017e4b583d34 method=java.lang.ref.SoftReference.get()Ljava/lang/Object; @ 17 c2
Event: 410.024 Thread 0x0000017e9e0e7a30 DEOPT PACKING pc=0x0000017e4b583d34 sp=0x0000005e239fe390
Event: 410.024 Thread 0x0000017e9e0e7a30 DEOPT UNPACKING pc=0x0000017e4b016482 sp=0x0000005e239fe2c0 mode 2
Event: 418.634 Thread 0x0000017ea2fface0 Uncommon trap: trap_request=0xffffffdc fr.pc=0x0000017e4b5a7a50 relative=0x0000000000000230
Event: 418.634 Thread 0x0000017ea2fface0 Uncommon trap: reason=class_check action=make_not_entrant pc=0x0000017e4b5a7a50 method=java.util.ArrayList.toArray([Ljava/lang/Object;)[Ljava/lang/Object; @ 21 c2
Event: 418.634 Thread 0x0000017ea2fface0 DEOPT PACKING pc=0x0000017e4b5a7a50 sp=0x0000005e248ff480
Event: 418.634 Thread 0x0000017ea2fface0 DEOPT UNPACKING pc=0x0000017e4b016482 sp=0x0000005e248ff440 mode 2

Classes loaded (20 events):
Event: 409.547 Loading class java/security/Key
Event: 409.547 Loading class java/security/Key done
Event: 409.547 Loading class java/security/AsymmetricKey done
Event: 409.547 Loading class javax/security/auth/Destroyable
Event: 409.548 Loading class javax/security/auth/Destroyable done
Event: 409.548 Loading class java/security/PrivateKey done
Event: 409.549 Loading class java/security/cert/CertificateException
Event: 409.550 Loading class java/security/cert/CertificateException done
Event: 409.550 Loading class javax/net/ssl/SSLSocket
Event: 409.550 Loading class javax/net/ssl/SSLSocket done
Event: 409.550 Loading class java/security/spec/InvalidKeySpecException
Event: 409.551 Loading class java/security/spec/InvalidKeySpecException done
Event: 409.551 Loading class java/security/spec/KeySpec
Event: 409.551 Loading class java/security/spec/KeySpec done
Event: 409.551 Loading class javax/crypto/NoSuchPaddingException
Event: 409.552 Loading class javax/crypto/NoSuchPaddingException done
Event: 409.552 Loading class javax/crypto/IllegalBlockSizeException
Event: 409.552 Loading class javax/crypto/IllegalBlockSizeException done
Event: 409.553 Loading class javax/crypto/BadPaddingException
Event: 409.553 Loading class javax/crypto/BadPaddingException done

Classes unloaded (0 events):
No events

Classes redefined (0 events):
No events

Internal exceptions (20 events):
Event: 0.237 Thread 0x0000017e3923a080 Exception <a 'java/lang/ClassNotFoundException'{0x00000000a7c8ffc0}: com/sun/swing/internal/plaf/metal/resources/spi/metalProvider> (0x00000000a7c8ffc0) 
thrown [s\src\hotspot\share\classfile\systemDictionary.cpp, line 327]
Event: 0.238 Thread 0x0000017e3923a080 Exception <a 'java/lang/ClassNotFoundException'{0x00000000a7c94750}: com/sun/swing/internal/plaf/basic/resources/spi/basicProvider> (0x00000000a7c94750) 
thrown [s\src\hotspot\share\classfile\systemDictionary.cpp, line 327]
Event: 0.303 Thread 0x0000017e9e0e7a30 Exception <a 'java/lang/ClassNotFoundException'{0x00000000a7b3f720}: com/sun/swing/internal/plaf/synth/resources/spi/synthProvider> (0x00000000a7b3f720) 
thrown [s\src\hotspot\share\classfile\systemDictionary.cpp, line 327]
Event: 0.314 Thread 0x0000017e9e0e7a30 Exception <a 'java/lang/NoSuchMethodError'{0x00000000a7a0c990}: 'int java.lang.invoke.Invokers$Holder.invokeExact_MT(java.lang.Object, java.lang.Object)'> (0x00000000a7a0c990) 
thrown [s\src\hotspot\share\interpreter\linkResolver.cpp, line 805]
Event: 0.322 Thread 0x0000017e9e0e7a30 Exception <a 'java/lang/NoSuchMethodError'{0x00000000a7a209b0}: 'java.lang.Object java.lang.invoke.DirectMethodHandle$Holder.newInvokeSpecial(java.lang.Object, java.lang.Object, int)'> (0x00000000a7a209b0) 
thrown [s\src\hotspot\share\interpreter\linkResolver.cpp, line 805]
Event: 0.324 Thread 0x0000017e9e0e7a30 Exception <a 'java/lang/NoSuchMethodError'{0x00000000a7a3a2e8}: 'java.lang.Object java.lang.invoke.DirectMethodHandle$Holder.invokeStatic(java.lang.Object, java.lang.Object, java.lang.Object, java.lang.Object, int)'> (0x00000000a7a3a2e8) 
thrown [s\src\hotspot\share\interpreter\linkResolver.cpp, line 805]
Event: 0.325 Thread 0x0000017e9e0e7a30 Exception <a 'java/lang/NoSuchMethodError'{0x00000000a7a4b698}: 'int java.lang.invoke.DirectMethodHandle$Holder.invokeSpecial(java.lang.Object, java.lang.Object, java.lang.Object)'> (0x00000000a7a4b698) 
thrown [s\src\hotspot\share\interpreter\linkResolver.cpp, line 805]
Event: 0.410 Thread 0x0000017e9e0e7a30 Exception <a 'java/lang/NoSuchMethodError'{0x00000000a79ac6e0}: 'void java.lang.invoke.DelegatingMethodHandle$Holder.reinvoke_L(java.lang.Object, java.lang.Object, java.lang.Object, java.lang.Object, long, long, float)'> (0x00000000a79ac6e0) 
thrown [s\src\hotspot\share\interpreter\linkResolver.cpp, line 805]
Event: 0.412 Thread 0x0000017e9e0e7a30 Exception <a 'java/lang/NoSuchMethodError'{0x00000000a79cc898}: 'java.lang.Object java.lang.invoke.DirectMethodHandle$Holder.invokeStatic(java.lang.Object, java.lang.Object, java.lang.Object, java.lang.Object, java.lang.Object, long)'> (0x00000000a79cc898) 
thrown [s\src\hotspot\share\interpreter\linkResolver.cpp, line 805]
Event: 0.416 Thread 0x0000017e9e0e7a30 Exception <a 'java/lang/NoSuchMethodError'{0x00000000a7810240}: 'float java.lang.invoke.DelegatingMethodHandle$Holder.reinvoke_L(java.lang.Object, java.lang.Object, java.lang.Object, java.lang.Object, long, long)'> (0x00000000a7810240) 
thrown [s\src\hotspot\share\interpreter\linkResolver.cpp, line 805]
Event: 0.483 Thread 0x0000017e58209ad0 Exception <a 'java/lang/NoSuchMethodError'{0x00000000a81900b8}: 'void java.lang.invoke.DirectMethodHandle$Holder.invokeVirtual(java.lang.Object, java.lang.Object)'> (0x00000000a81900b8) 
thrown [s\src\hotspot\share\interpreter\linkResolver.cpp, line 805]
Event: 0.495 Thread 0x0000017e9e0e7a30 Exception <a 'java/lang/NoSuchMethodError'{0x00000000a7868df0}: 'void java.lang.invoke.DirectMethodHandle$Holder.invokeStaticInit(java.lang.Object)'> (0x00000000a7868df0) 
thrown [s\src\hotspot\share\interpreter\linkResolver.cpp, line 805]
Event: 0.596 Thread 0x0000017e9e0e7a30 Exception <a 'java/lang/NoSuchMethodError'{0x00000000a75809b0}: 'void java.lang.invoke.DelegatingMethodHandle$Holder.reinvoke_L(java.lang.Object, java.lang.Object, java.lang.Object, java.lang.Object, long, long, int)'> (0x00000000a75809b0) 
thrown [s\src\hotspot\share\interpreter\linkResolver.cpp, line 805]
Event: 0.599 Thread 0x0000017e9e0e7a30 Exception <a 'java/lang/NoSuchMethodError'{0x00000000a75ae4b8}: 'void java.lang.invoke.DelegatingMethodHandle$Holder.reinvoke_L(java.lang.Object, java.lang.Object, java.lang.Object, java.lang.Object, long, long, long)'> (0x00000000a75ae4b8) 
thrown [s\src\hotspot\share\interpreter\linkResolver.cpp, line 805]
Event: 0.626 Thread 0x0000017e9e0e7a30 Exception <a 'java/lang/NoSuchMethodError'{0x00000000a74894d8}: 'void java.lang.invoke.DelegatingMethodHandle$Holder.reinvoke_L(java.lang.Object, java.lang.Object, java.lang.Object, java.lang.Object, long, long, double)'> (0x00000000a74894d8) 
thrown [s\src\hotspot\share\interpreter\linkResolver.cpp, line 805]
Event: 0.731 Thread 0x0000017e9e0e7a30 Exception <a 'java/lang/NoSuchMethodError'{0x00000000a7353728}: 'void java.lang.invoke.DirectMethodHandle$Holder.invokeStatic(java.lang.Object, java.lang.Object)'> (0x00000000a7353728) 
thrown [s\src\hotspot\share\interpreter\linkResolver.cpp, line 805]
Event: 0.755 Thread 0x0000017e9e0e7a30 Exception <a 'java/lang/NoSuchMethodError'{0x00000000a71193b0}: 'java.lang.Object java.lang.invoke.DirectMethodHandle$Holder.invokeInterface(java.lang.Object, java.lang.Object)'> (0x00000000a71193b0) 
thrown [s\src\hotspot\share\interpreter\linkResolver.cpp, line 805]
Event: 0.781 Thread 0x0000017e9e0e7a30 Exception <a 'java/lang/NoSuchMethodError'{0x00000000a6fd15a0}: 'void java.lang.invoke.DirectMethodHandle$Holder.invokeStatic(java.lang.Object, java.lang.Object, java.lang.Object)'> (0x00000000a6fd15a0) 
thrown [s\src\hotspot\share\interpreter\linkResolver.cpp, line 805]
Event: 0.783 Thread 0x0000017e9e0e7a30 Exception <a 'java/lang/NoSuchMethodError'{0x00000000a6fe9400}: 'java.lang.Object java.lang.invoke.DirectMethodHandle$Holder.invokeVirtual(java.lang.Object, java.lang.Object, java.lang.Object)'> (0x00000000a6fe9400) 
thrown [s\src\hotspot\share\interpreter\linkResolver.cpp, line 805]
Event: 409.559 Thread 0x0000017ea30aae30 Exception <a 'java/lang/NoSuchMethodError'{0x00000000a83cf630}: 'void java.lang.invoke.DirectMethodHandle$Holder.invokeStaticInit(java.lang.Object, java.lang.Object)'> (0x00000000a83cf630) 
thrown [s\src\hotspot\share\interpreter\linkResolver.cpp, line 805]

VM Operations (20 events):
Event: 0.237 Executing VM operation: HandshakeAllThreads (Deoptimize)
Event: 0.237 Executing VM operation: HandshakeAllThreads (Deoptimize) done
Event: 0.333 Executing VM operation: HandshakeAllThreads (Deoptimize)
Event: 0.333 Executing VM operation: HandshakeAllThreads (Deoptimize) done
Event: 0.335 Executing VM operation: HandshakeAllThreads (Deoptimize)
Event: 0.335 Executing VM operation: HandshakeAllThreads (Deoptimize) done
Event: 0.457 Executing VM operation: HandshakeAllThreads (Deoptimize)
Event: 0.457 Executing VM operation: HandshakeAllThreads (Deoptimize) done
Event: 0.614 Executing VM operation: HandshakeAllThreads (Deoptimize)
Event: 0.614 Executing VM operation: HandshakeAllThreads (Deoptimize) done
Event: 0.718 Executing VM operation: HandshakeAllThreads (Deoptimize)
Event: 0.718 Executing VM operation: HandshakeAllThreads (Deoptimize) done
Event: 0.860 Executing VM operation: HandshakeAllThreads (Deoptimize)
Event: 0.860 Executing VM operation: HandshakeAllThreads (Deoptimize) done
Event: 60.107 Executing VM operation: HandshakeAllThreads (HandshakeForDeflation)
Event: 60.107 Executing VM operation: HandshakeAllThreads (HandshakeForDeflation) done
Event: 60.107 Executing VM operation: RendezvousGCThreads
Event: 60.107 Executing VM operation: RendezvousGCThreads done
Event: 409.523 Executing VM operation: G1CollectForAllocation (G1 Evacuation Pause)
Event: 409.538 Executing VM operation: G1CollectForAllocation (G1 Evacuation Pause) done

Memory protections (0 events):
No events

Nmethod flushes (0 events):
No events

Events (20 events):
Event: 0.031 Thread 0x0000017e3923a080 Thread added: 0x0000017e5803ea60
Event: 0.031 Thread 0x0000017e3923a080 Thread added: 0x0000017e58041a00
Event: 0.031 Thread 0x0000017e3923a080 Thread added: 0x0000017e5804a590
Event: 0.035 Thread 0x0000017e3923a080 Thread added: 0x0000017e580ae680
Event: 0.037 Thread 0x0000017e3923a080 Thread added: 0x0000017e58109ec0
Event: 0.113 Thread 0x0000017e3923a080 Thread added: 0x0000017e58207f80
Event: 0.114 Thread 0x0000017e3923a080 Thread added: 0x0000017e58208f90
Event: 0.114 Thread 0x0000017e3923a080 Thread added: 0x0000017e58209ad0
Event: 0.247 Thread 0x0000017e3923a080 Thread added: 0x0000017e9e0e7a30
Event: 0.247 Thread 0x0000017e3923a080 Thread exited: 0x0000017e3923a080
Event: 0.247 Thread 0x0000017e3923a080 Thread added: 0x0000017e3923a080
Event: 0.420 Thread 0x0000017e9e0e7a30 Thread added: 0x0000017e9e79e9b0
Event: 0.428 Thread 0x0000017e9e0e7a30 Thread added: 0x0000017e9e7a33e0
Event: 0.448 Thread 0x0000017e5804a590 Thread added: 0x0000017e9e70a960
Event: 0.608 Thread 0x0000017e9e0e7a30 Thread added: 0x0000017ea2fface0
Event: 0.732 Thread 0x0000017e9e0e7a30 Thread added: 0x0000017ea30aae30
Event: 0.774 Thread 0x0000017e5804a590 Thread added: 0x0000017ea3092a50
Event: 1.158 Thread 0x0000017ea3092a50 Thread exited: 0x0000017ea3092a50
Event: 1.166 Thread 0x0000017e9e70a960 Thread exited: 0x0000017e9e70a960
Event: 5.665 Thread 0x0000017e9e7a33e0 Thread exited: 0x0000017e9e7a33e0


Dynamic libraries:
0x00007ff60e900000 - 0x00007ff60e90e000 	C:\Program Files\Apache NetBeans\jdk\bin\java.exe
0x00007ffadcf20000 - 0x00007ffadd188000 	C:\WINDOWS\SYSTEM32\ntdll.dll
0x00007ffadbf70000 - 0x00007ffadc039000 	C:\WINDOWS\System32\KERNEL32.DLL
0x00007ffada600000 - 0x00007ffada9f8000 	C:\WINDOWS\System32\KERNELBASE.dll
0x00007ffada340000 - 0x00007ffada48b000 	C:\WINDOWS\System32\ucrtbase.dll
0x00007ffac0a20000 - 0x00007ffac0a36000 	C:\Program Files\Apache NetBeans\jdk\bin\jli.dll
0x00007ffaca620000 - 0x00007ffaca63e000 	C:\Program Files\Apache NetBeans\jdk\bin\VCRUNTIME140.dll
0x00007ffadcc10000 - 0x00007ffadcdd7000 	C:\WINDOWS\System32\USER32.dll
0x00007ffadaa00000 - 0x00007ffadaa27000 	C:\WINDOWS\System32\win32u.dll
0x00007ffadc6a0000 - 0x00007ffadc6cb000 	C:\WINDOWS\System32\GDI32.dll
0x00007ffac15f0000 - 0x00007ffac1884000 	C:\WINDOWS\WinSxS\amd64_microsoft.windows.common-controls_6595b64144ccf1df_6.0.26100.7019_none_3e06ffa0e335b8a8\COMCTL32.dll
0x00007ffadaae0000 - 0x00007ffadac0c000 	C:\WINDOWS\System32\gdi32full.dll
0x00007ffadaa30000 - 0x00007ffadaad3000 	C:\WINDOWS\System32\msvcp_win.dll
0x00007ffadb340000 - 0x00007ffadb3e9000 	C:\WINDOWS\System32\msvcrt.dll
0x00007ffadbbf0000 - 0x00007ffadbc21000 	C:\WINDOWS\System32\IMM32.DLL
0x00007ffac1490000 - 0x00007ffac149c000 	C:\Program Files\Apache NetBeans\jdk\bin\vcruntime140_1.dll
0x00007ffab1ad0000 - 0x00007ffab1b5d000 	C:\Program Files\Apache NetBeans\jdk\bin\msvcp140.dll
0x00007ffa89770000 - 0x00007ffa8a5ec000 	C:\Program Files\Apache NetBeans\jdk\bin\server\jvm.dll
0x00007ffadc160000 - 0x00007ffadc214000 	C:\WINDOWS\System32\ADVAPI32.dll
0x00007ffadcb60000 - 0x00007ffadcc06000 	C:\WINDOWS\System32\sechost.dll
0x00007ffadc040000 - 0x00007ffadc158000 	C:\WINDOWS\System32\RPCRT4.dll
0x00007ffadb240000 - 0x00007ffadb2b4000 	C:\WINDOWS\System32\WS2_32.dll
0x00007ffad2f50000 - 0x00007ffad2f85000 	C:\WINDOWS\SYSTEM32\WINMM.dll
0x00007ffad9ed0000 - 0x00007ffad9f2e000 	C:\WINDOWS\SYSTEM32\POWRPROF.dll
0x00007ffad37d0000 - 0x00007ffad37db000 	C:\WINDOWS\SYSTEM32\VERSION.dll
0x00007ffad9eb0000 - 0x00007ffad9ec4000 	C:\WINDOWS\SYSTEM32\UMPDC.dll
0x00007ffad8e30000 - 0x00007ffad8e4b000 	C:\WINDOWS\SYSTEM32\kernel.appcore.dll
0x00007ffac1480000 - 0x00007ffac148a000 	C:\Program Files\Apache NetBeans\jdk\bin\jimage.dll
0x00007ffad78d0000 - 0x00007ffad7b12000 	C:\WINDOWS\SYSTEM32\DBGHELP.DLL
0x00007ffadc7d0000 - 0x00007ffadcb5b000 	C:\WINDOWS\System32\combase.dll
0x00007ffadacc0000 - 0x00007ffadad97000 	C:\WINDOWS\System32\OLEAUT32.dll
0x00007ffac8500000 - 0x00007ffac853c000 	C:\WINDOWS\SYSTEM32\dbgcore.DLL
0x00007ffadac10000 - 0x00007ffadacb5000 	C:\WINDOWS\System32\bcryptPrimitives.dll
0x00007ffac12c0000 - 0x00007ffac12de000 	C:\Program Files\Apache NetBeans\jdk\bin\java.dll
0x00007ffadbc30000 - 0x00007ffadbdc7000 	C:\WINDOWS\System32\ole32.dll
0x00007ffadb400000 - 0x00007ffadbb51000 	C:\WINDOWS\System32\SHELL32.dll
0x00007ffada490000 - 0x00007ffada5fb000 	C:\WINDOWS\System32\wintypes.dll
0x00007ffad7cd0000 - 0x00007ffad852d000 	C:\WINDOWS\SYSTEM32\windows.storage.dll
0x00007ffadcde0000 - 0x00007ffadced2000 	C:\WINDOWS\System32\SHCORE.dll
0x00007ffadbb80000 - 0x00007ffadbbe7000 	C:\WINDOWS\System32\shlwapi.dll
0x00007ffad9f90000 - 0x00007ffad9fb9000 	C:\WINDOWS\SYSTEM32\profapi.dll
0x00007ffabe470000 - 0x00007ffabe547000 	C:\Program Files\Apache NetBeans\jdk\bin\jsvml.dll
0x00007ffac02f0000 - 0x00007ffac0300000 	C:\Program Files\Apache NetBeans\jdk\bin\net.dll
0x00007ffad93a0000 - 0x00007ffad940b000 	C:\WINDOWS\system32\mswsock.dll
0x00007ffac02d0000 - 0x00007ffac02e6000 	C:\Program Files\Apache NetBeans\jdk\bin\nio.dll
0x00007ffac0300000 - 0x00007ffac0317000 	C:\Program Files\Apache NetBeans\jdk\bin\zip.dll
0x00007ffaabbc0000 - 0x00007ffaabd3e000 	C:\Program Files\Apache NetBeans\jdk\bin\awt.dll
0x00007ffad6ce0000 - 0x00007ffad6d7f000 	C:\WINDOWS\SYSTEM32\apphelp.dll
0x00007ffad6e20000 - 0x00007ffad6eca000 	C:\WINDOWS\system32\uxtheme.dll
0x00007ffadc220000 - 0x00007ffadc37e000 	C:\WINDOWS\System32\MSCTF.dll
0x00007ffad7260000 - 0x00007ffad7290000 	C:\WINDOWS\system32\DWMAPI.DLL
0x00007ffab1490000 - 0x00007ffab1517000 	C:\Program Files\Apache NetBeans\jdk\bin\freetype.dll
0x00007ffaadb30000 - 0x00007ffaadc09000 	C:\Program Files\Apache NetBeans\jdk\bin\fontmanager.dll
0x00007ffab43b0000 - 0x00007ffab44bc000 	C:\WINDOWS\system32\opengl32.dll
0x00007ffabfeb0000 - 0x00007ffabfedd000 	C:\WINDOWS\SYSTEM32\GLU32.dll
0x00007ffad6f90000 - 0x00007ffad6fd3000 	C:\WINDOWS\SYSTEM32\dxcore.dll
0x00007ffab4580000 - 0x00007ffab4730000 	C:\WINDOWS\system32\d3d9.dll
0x00007ffad2fc0000 - 0x00007ffad317b000 	C:\WINDOWS\System32\DriverStore\FileRepository\u0404276.inf_amd64_b6ae906c9d4ab767\B403905\aticfx64.dll
0x00007ffacb410000 - 0x00007ffacb444000 	C:\WINDOWS\System32\DriverStore\FileRepository\u0404276.inf_amd64_b6ae906c9d4ab767\B403905\atiu9p64.dll
0x00007ffa40cc0000 - 0x00007ffa41a07000 	C:\WINDOWS\System32\DriverStore\FileRepository\u0404276.inf_amd64_b6ae906c9d4ab767\B403905\atiumd64.dll
0x0000000063640000 - 0x0000000064553000 	C:\WINDOWS\System32\DriverStore\FileRepository\u0404276.inf_amd64_b6ae906c9d4ab767\B403905\atiumd6a.dll
0x00007ffadada0000 - 0x00007ffadb22a000 	C:\WINDOWS\System32\SETUPAPI.dll
0x00007ffacecf0000 - 0x00007ffaced25000 	C:\WINDOWS\SYSTEM32\amdihk64.dll
0x00007ffad4a30000 - 0x00007ffad4a93000 	C:\WINDOWS\SYSTEM32\directxdatabasehelper.dll
0x00007ffadbe30000 - 0x00007ffadbee0000 	C:\WINDOWS\System32\clbcatq.dll
0x00007ffad5440000 - 0x00007ffad5670000 	C:\WINDOWS\SYSTEM32\WindowsCodecs.dll
0x00007ffab8cb0000 - 0x00007ffab8d0a000 	C:\WINDOWS\system32\dataexchange.dll
0x00007ffacd320000 - 0x00007ffacd564000 	C:\WINDOWS\system32\twinapi.appcore.dll
0x00007ffabcc00000 - 0x00007ffabcd47000 	C:\WINDOWS\SYSTEM32\textinputframework.dll
0x00007ffad8930000 - 0x00007ffad8a5c000 	C:\WINDOWS\SYSTEM32\DNSAPI.dll
0x00007ffad8840000 - 0x00007ffad8874000 	C:\WINDOWS\SYSTEM32\IPHLPAPI.DLL
0x00007ffadc390000 - 0x00007ffadc39a000 	C:\WINDOWS\System32\NSI.dll
0x00007ffacbec0000 - 0x00007ffacbecb000 	C:\Windows\System32\rasadhlp.dll
0x00007ffacfd80000 - 0x00007ffacfe06000 	C:\WINDOWS\System32\fwpuclnt.dll
0x00007ffabd940000 - 0x00007ffabd949000 	C:\Program Files\Apache NetBeans\jdk\bin\extnet.dll
0x00007ffad68d0000 - 0x00007ffad69f7000 	C:\WINDOWS\SYSTEM32\CoreMessaging.dll
0x00007ffad41c0000 - 0x00007ffad44a2000 	C:\WINDOWS\SYSTEM32\CoreUIComponents.dll
0x00007ffad9680000 - 0x00007ffad968c000 	C:\WINDOWS\SYSTEM32\CRYPTBASE.DLL

JVMTI agents: none

dbghelp: loaded successfully - version: 4.0.5 - missing functions: none
symbol engine: initialized successfully - sym options: 0x614 - pdb path: .;C:\Program Files\Apache NetBeans\jdk\bin;C:\WINDOWS\SYSTEM32;C:\WINDOWS\WinSxS\amd64_microsoft.windows.common-controls_6595b64144ccf1df_6.0.26100.7019_none_3e06ffa0e335b8a8;C:\Program Files\Apache NetBeans\jdk\bin\server;C:\WINDOWS\System32\DriverStore\FileRepository\u0404276.inf_amd64_b6ae906c9d4ab767\B403905

VM Arguments:
jvm_args: -Dfile.encoding=UTF-8 
java_command: view.TelaCliente
java_class_path (initial): C:\Users\juran\Downloads\mysql-connector-j-9.2.0 (1)\mysql-connector-j-9.2.0\mysql-connector-j-9.2.0\mysql-connector-j-9.2.0.jar;C:\Users\juran\Downloads\conector.prof\mysql-connector-j-9.2.0\mysql-connector-j-9.2.0\mysql-connector-j-9.2.0.jar;C:\Users\juran\Downloads\BuscaCep\BuscaCep\dom4j-1.6.1.jar;C:\Users\juran\Downloads\GestaoPedidosCleber\GestaoPedidos\build\classes
Launcher Type: SUN_STANDARD

[Global flags]
     intx CICompilerCount                          = 4                                         {product} {ergonomic}
     uint ConcGCThreads                            = 3                                         {product} {ergonomic}
     uint G1ConcRefinementThreads                  = 10                                        {product} {ergonomic}
   size_t G1HeapRegionSize                         = 1048576                                   {product} {ergonomic}
   size_t InitialHeapSize                          = 98566144                                  {product} {ergonomic}
   size_t MarkStackSize                            = 4194304                                   {product} {ergonomic}
   size_t MarkStackSizeMax                         = 536870912                                 {product} {ergonomic}
   size_t MaxHeapSize                              = 1570766848                                {product} {ergonomic}
   size_t MaxNewSize                               = 941621248                                 {product} {ergonomic}
   size_t MinHeapDeltaBytes                        = 1048576                                   {product} {ergonomic}
   size_t MinHeapSize                              = 8388608                                   {product} {ergonomic}
    uintx NonNMethodCodeHeapSize                   = 5832704                                {pd product} {ergonomic}
    uintx NonProfiledCodeHeapSize                  = 122945536                              {pd product} {ergonomic}
    uintx ProfiledCodeHeapSize                     = 122880000                              {pd product} {ergonomic}
    uintx ReservedCodeCacheSize                    = 251658240                              {pd product} {ergonomic}
     bool SegmentedCodeCache                       = true                                      {product} {ergonomic}
   size_t SoftMaxHeapSize                          = 1570766848                             {manageable} {ergonomic}
     bool UseCompressedOops                        = true                           {product lp64_product} {ergonomic}
     bool UseG1GC                                  = true                                      {product} {ergonomic}
     bool UseLargePagesIndividualAllocation        = false                                  {pd product} {ergonomic}

Logging:
Log output configuration:
 #0: stdout all=warning uptime,level,tags foldmultilines=false
 #1: stderr all=off uptime,level,tags foldmultilines=false

Environment Variables:
PATH=C:\Program Files\Common Files\Oracle\Java\javapath;C:\Program Files (x86)\Common Files\Oracle\Java\javapath;C:\WINDOWS\system32;C:\WINDOWS;C:\WINDOWS\System32\Wbem;C:\WINDOWS\System32\WindowsPowerShell\v1.0\;C:\WINDOWS\System32\OpenSSH\;C:\Program Files\Git\cmd;C:\Program Files\Java\jre1.8.0_351\bin;C:\Users\juran\AppData\Local\Programs\Python\Python313\Scripts\;C:\Users\juran\AppData\Local\Programs\Python\Python313\;C:\Users\juran\AppData\Local\Microsoft\WindowsApps;C:\Users\juran\AppData\Local\Programs\Microsoft VS Code\bin;C:\Program Files\Java\jre1.8.0_351\bin;
USERNAME=Luiza
OS=Windows_NT
PROCESSOR_IDENTIFIER=AMD64 Family 23 Model 104 Stepping 1, AuthenticAMD
TMP=C:\Users\juran\AppData\Local\Temp
TEMP=C:\Users\juran\AppData\Local\Temp




Periodic native trim disabled

---------------  S Y S T E M  ---------------

OS:
 Windows 11 , 64 bit Build 26100 (10.0.26100.7019)
OS uptime: 12 days 6:37 hours

CPU: total 12 (initial active 12) (12 cores per cpu, 2 threads per core) family 23 model 104 stepping 1 microcode 0x8608103, cx8, cmov, fxsr, ht, mmx, 3dnowpref, sse, sse2, sse3, ssse3, sse4a, sse4.1, sse4.2, popcnt, lzcnt, tsc, tscinvbit, avx, avx2, aes, clmul, bmi1, bmi2, adx, sha, fma, vzeroupper, clflush, clflushopt, rdtscp, rdpid, f16c
Processor Information for the first 12 processors :
  Max Mhz: 2100, Current Mhz: 2100, Mhz Limit: 2100

Memory: 4k page, system-wide physical 5989M (1278M free)
TotalPageFile size 12030M (AvailPageFile size 25M)
current process WorkingSet (physical memory assigned to process): 163M, peak: 182M
current process commit charge ("private bytes"): 997M, peak: 1022M

vm_info: OpenJDK 64-Bit Server VM (24.0.1+9) for windows-amd64 JRE (24.0.1+9) (Zulu24.30+11-CA), built on 2025-03-21T13:52:34Z with MS VC++ 17.1 (VS2022)

END.
